<?xml version="1.0" encoding="UTF-8"?>
<testng-results skipped="0" failed="0" ignored="0" total="2" passed="2">
  <reporter-output>
  </reporter-output>
  <suite name="Surefire suite" duration-ms="14769" started-at="2019-12-08T22:10:37 EST" finished-at="2019-12-08T22:10:52 EST">
    <groups>
      <group name="smoke">
        <method signature="LogIn.shouldBeAbleToLogIn([LFoundation.models.Account;)[pri:0, instance:LogIn@4e1d422d]" name="shouldBeAbleToLogIn" class="LogIn"/>
      </group> <!-- smoke -->
      <group name="smoke, regression">
        <method signature="LogIn.shouldBeAbleToSearch()[pri:0, instance:LogIn@4e1d422d]" name="shouldBeAbleToSearch" class="LogIn"/>
      </group> <!-- smoke, regression -->
    </groups>
    <test name="Surefire test" duration-ms="14769" started-at="2019-12-08T22:10:37 EST" finished-at="2019-12-08T22:10:52 EST">
      <class name="LogIn">
        <test-method status="PASS" signature="beforeSuite(org.testng.ITestContext, java.lang.String)[pri:0, instance:LogIn@4e1d422d]" name="beforeSuite" is-config="true" duration-ms="267" started-at="2019-12-08T22:10:37 EST" finished-at="2019-12-08T22:10:37 EST">
          <params>
            <param index="0">
              <value>
                <![CDATA[org.testng.TestRunner@3ecedf21]]>
              </value>
            </param>
            <param index="1">
              <value>
                <![CDATA[Production]]>
              </value>
            </param>
          </params>
          <reporter-output>
          </reporter-output>
        </test-method> <!-- beforeSuite -->
        <test-method status="PASS" signature="beforeTest()[pri:0, instance:LogIn@4e1d422d]" name="beforeTest" is-config="true" duration-ms="1" started-at="2019-12-08T22:10:37 EST" finished-at="2019-12-08T22:10:37 EST">
          <reporter-output>
          </reporter-output>
        </test-method> <!-- beforeTest -->
        <test-method status="PASS" signature="beforeClass()[pri:0, instance:LogIn@4e1d422d]" name="beforeClass" is-config="true" duration-ms="1" started-at="2019-12-08T22:10:37 EST" finished-at="2019-12-08T22:10:37 EST">
          <reporter-output>
          </reporter-output>
        </test-method> <!-- beforeClass -->
        <test-method status="PASS" signature="beforeMethod(java.lang.String, org.testng.ITestResult)[pri:0, instance:LogIn@4e1d422d]" name="beforeMethod" is-config="true" duration-ms="3456" started-at="2019-12-08T22:10:37 EST" finished-at="2019-12-08T22:10:41 EST">
          <params>
            <param index="0">
              <value>
                <![CDATA[Chrome]]>
              </value>
            </param>
            <param index="1">
              <value>
                <![CDATA[[TestResult name={null} status=CREATED method=LogIn.shouldBeAbleToLogIn([LFoundation.models.Account;)[pri:0, instance:LogIn@4e1d422d] output={null}]]]>
              </value>
            </param>
          </params>
          <reporter-output>
          </reporter-output>
        </test-method> <!-- beforeMethod -->
        <test-method status="PASS" signature="shouldBeAbleToLogIn([LFoundation.models.Account;)[pri:0, instance:LogIn@4e1d422d]" name="shouldBeAbleToLogIn" duration-ms="3248" started-at="2019-12-08T22:10:41 EST" data-provider="AllAccounts" finished-at="2019-12-08T22:10:44 EST">
          <params>
            <param index="0">
              <value>
                <![CDATA[[LFoundation.models.Account;@180e6ac4]]>
              </value>
            </param>
          </params>
          <reporter-output>
          </reporter-output>
        </test-method> <!-- shouldBeAbleToLogIn -->
        <test-method status="PASS" signature="afterMethod(org.testng.ITestResult)[pri:0, instance:LogIn@4e1d422d]" name="afterMethod" is-config="true" duration-ms="1231" started-at="2019-12-08T22:10:44 EST" finished-at="2019-12-08T22:10:45 EST">
          <params>
            <param index="0">
              <value>
                <![CDATA[[TestResult name=shouldBeAbleToLogIn status=SUCCESS method=LogIn.shouldBeAbleToLogIn([LFoundation.models.Account;)[pri:0, instance:LogIn@4e1d422d] output={null}]]]>
              </value>
            </param>
          </params>
          <reporter-output>
          </reporter-output>
        </test-method> <!-- afterMethod -->
        <test-method status="PASS" signature="beforeMethod(java.lang.String, org.testng.ITestResult)[pri:0, instance:LogIn@4e1d422d]" name="beforeMethod" is-config="true" duration-ms="1772" started-at="2019-12-08T22:10:45 EST" finished-at="2019-12-08T22:10:47 EST">
          <params>
            <param index="0">
              <value>
                <![CDATA[Chrome]]>
              </value>
            </param>
            <param index="1">
              <value>
                <![CDATA[[TestResult name={null} status=CREATED method=LogIn.shouldBeAbleToSearch()[pri:0, instance:LogIn@4e1d422d] output={null}]]]>
              </value>
            </param>
          </params>
          <reporter-output>
          </reporter-output>
        </test-method> <!-- beforeMethod -->
        <test-method status="PASS" signature="shouldBeAbleToSearch()[pri:0, instance:LogIn@4e1d422d]" name="shouldBeAbleToSearch" duration-ms="3584" started-at="2019-12-08T22:10:47 EST" finished-at="2019-12-08T22:10:51 EST">
          <reporter-output>
          </reporter-output>
        </test-method> <!-- shouldBeAbleToSearch -->
        <test-method status="PASS" signature="afterMethod(org.testng.ITestResult)[pri:0, instance:LogIn@4e1d422d]" name="afterMethod" is-config="true" duration-ms="1060" started-at="2019-12-08T22:10:51 EST" finished-at="2019-12-08T22:10:52 EST">
          <params>
            <param index="0">
              <value>
                <![CDATA[[TestResult name=shouldBeAbleToSearch status=SUCCESS method=LogIn.shouldBeAbleToSearch()[pri:0, instance:LogIn@4e1d422d] output={null}]]]>
              </value>
            </param>
          </params>
          <reporter-output>
          </reporter-output>
        </test-method> <!-- afterMethod -->
        <test-method status="PASS" signature="afterClass()[pri:0, instance:LogIn@4e1d422d]" name="afterClass" is-config="true" duration-ms="0" started-at="2019-12-08T22:10:52 EST" finished-at="2019-12-08T22:10:52 EST">
          <reporter-output>
          </reporter-output>
        </test-method> <!-- afterClass -->
        <test-method status="PASS" signature="afterTest()[pri:0, instance:LogIn@4e1d422d]" name="afterTest" is-config="true" duration-ms="0" started-at="2019-12-08T22:10:52 EST" finished-at="2019-12-08T22:10:52 EST">
          <reporter-output>
          </reporter-output>
        </test-method> <!-- afterTest -->
        <test-method status="PASS" signature="afterSuite()[pri:0, instance:LogIn@4e1d422d]" name="afterSuite" is-config="true" duration-ms="360" started-at="2019-12-08T22:10:52 EST" finished-at="2019-12-08T22:10:52 EST">
          <reporter-output>
          </reporter-output>
        </test-method> <!-- afterSuite -->
      </class> <!-- LogIn -->
    </test> <!-- Surefire test -->
  </suite> <!-- Surefire suite -->
</testng-results>
